2015-07-02 11:23:25,735 [main] INFO  CommandLineBagDriver : Performing operation: create
2015-07-02 11:23:25,751 [main] INFO  CommandLineBagDriver : Performing operation: create
2015-07-02 11:23:25,765 [main] ERROR CommandLineBagDriver : Error: Can't read \e\tmp\session_physicalasset_d86c761c42e440659a8a5b945f695b76
java.lang.RuntimeException: Can't read \e\tmp\session_physicalasset_d86c761c42e440659a8a5b945f695b76
	at gov.loc.repository.bagit.impl.AddFilesToPayloadOperation.addPayload(AddFilesToPayloadOperation.java:41)
	at gov.loc.repository.bagit.impl.AddFilesToPayloadOperation.addFileToPayload(AddFilesToPayloadOperation.java:34)
	at gov.loc.repository.bagit.impl.AbstractBag.addFileToPayload(AbstractBag.java:311)
	at gov.loc.repository.bagit.driver.CommandLineBagDriver.performOperation(CommandLineBagDriver.java:873)
	at gov.loc.repository.bagit.driver.CommandLineBagDriver.execute(CommandLineBagDriver.java:413)
	at gov.loc.repository.bagit.driver.CommandLineBagDriver.main(CommandLineBagDriver.java:154)
	at sun.reflect.NativeMethodAccessorImpl.invoke0(Native Method)
	at sun.reflect.NativeMethodAccessorImpl.invoke(Unknown Source)
	at sun.reflect.DelegatingMethodAccessorImpl.invoke(Unknown Source)
	at java.lang.reflect.Method.invoke(Unknown Source)
	at org.codehaus.classworlds.Launcher.launchStandard(Launcher.java:353)
	at org.codehaus.classworlds.Launcher.launch(Launcher.java:264)
	at org.codehaus.classworlds.Launcher.mainWithExitCode(Launcher.java:430)
	at org.codehaus.classworlds.Launcher.main(Launcher.java:375)
2015-07-02 11:23:25,769 [main] INFO  CommandLineBagDriver : Returning 2
2015-07-02 11:23:25,792 [main] ERROR CommandLineBagDriver : Error: Can't read \e\tmp\session_physicalasset_d86c761c42e440659a8a5b945f695b76
java.lang.RuntimeException: Can't read \e\tmp\session_physicalasset_d86c761c42e440659a8a5b945f695b76
	at gov.loc.repository.bagit.impl.AddFilesToPayloadOperation.addPayload(AddFilesToPayloadOperation.java:41)
	at gov.loc.repository.bagit.impl.AddFilesToPayloadOperation.addFileToPayload(AddFilesToPayloadOperation.java:34)
	at gov.loc.repository.bagit.impl.AbstractBag.addFileToPayload(AbstractBag.java:311)
	at gov.loc.repository.bagit.driver.CommandLineBagDriver.performOperation(CommandLineBagDriver.java:873)
	at gov.loc.repository.bagit.driver.CommandLineBagDriver.execute(CommandLineBagDriver.java:413)
	at gov.loc.repository.bagit.driver.CommandLineBagDriver.main(CommandLineBagDriver.java:154)
	at sun.reflect.NativeMethodAccessorImpl.invoke0(Native Method)
	at sun.reflect.NativeMethodAccessorImpl.invoke(Unknown Source)
	at sun.reflect.DelegatingMethodAccessorImpl.invoke(Unknown Source)
	at java.lang.reflect.Method.invoke(Unknown Source)
	at org.codehaus.classworlds.Launcher.launchStandard(Launcher.java:353)
	at org.codehaus.classworlds.Launcher.launch(Launcher.java:264)
	at org.codehaus.classworlds.Launcher.mainWithExitCode(Launcher.java:430)
	at org.codehaus.classworlds.Launcher.main(Launcher.java:375)
2015-07-02 11:23:25,797 [main] INFO  CommandLineBagDriver : Returning 2
