2015-07-02 11:54:17,691 [main] INFO  CommandLineBagDriver : Performing operation: create
2015-07-02 11:54:17,692 [main] INFO  CommandLineBagDriver : Performing operation: create
2015-07-02 11:54:17,721 [main] INFO  DefaultCompleter : Completing bag at null
2015-07-02 11:54:17,731 [main] INFO  DefaultCompleter : Completing bag at null
2015-07-02 11:54:17,816 [main] INFO  ZipWriter : Writing bag
2015-07-02 11:54:17,818 [main] INFO  ZipWriter : Writing bag
2015-07-02 11:54:17,903 [main] ERROR TempFileHelper : Error deleting \tmp\bag.zip: Unable to delete file: \tmp\bag.zip
2015-07-02 11:54:17,904 [main] ERROR CommandLineBagDriver : Error: Error deleting \tmp\bag.zip: Unable to delete file: \tmp\bag.zip
java.lang.RuntimeException: Error deleting \tmp\bag.zip: Unable to delete file: \tmp\bag.zip
	at gov.loc.repository.bagit.utilities.TempFileHelper.switchTemp(TempFileHelper.java:34)
	at gov.loc.repository.bagit.writer.impl.AbstractWriter.switchTemp(AbstractWriter.java:47)
	at gov.loc.repository.bagit.writer.impl.ZipWriter.endBag(ZipWriter.java:91)
	at gov.loc.repository.bagit.impl.AbstractBag.accept(AbstractBag.java:468)
	at gov.loc.repository.bagit.writer.impl.ZipWriter.write(ZipWriter.java:158)
	at gov.loc.repository.bagit.impl.AbstractBag.write(AbstractBag.java:526)
	at gov.loc.repository.bagit.driver.CommandLineBagDriver.performOperation(CommandLineBagDriver.java:888)
	at gov.loc.repository.bagit.driver.CommandLineBagDriver.execute(CommandLineBagDriver.java:413)
	at gov.loc.repository.bagit.driver.CommandLineBagDriver.main(CommandLineBagDriver.java:154)
	at sun.reflect.NativeMethodAccessorImpl.invoke0(Native Method)
	at sun.reflect.NativeMethodAccessorImpl.invoke(Unknown Source)
	at sun.reflect.DelegatingMethodAccessorImpl.invoke(Unknown Source)
	at java.lang.reflect.Method.invoke(Unknown Source)
	at org.codehaus.classworlds.Launcher.launchStandard(Launcher.java:353)
	at org.codehaus.classworlds.Launcher.launch(Launcher.java:264)
	at org.codehaus.classworlds.Launcher.mainWithExitCode(Launcher.java:430)
	at org.codehaus.classworlds.Launcher.main(Launcher.java:375)
Caused by: java.io.IOException: Unable to delete file: \tmp\bag.zip
	at org.apache.commons.io.FileUtils.forceDelete(FileUtils.java:2279)
	at gov.loc.repository.bagit.utilities.TempFileHelper.switchTemp(TempFileHelper.java:30)
	... 16 more
2015-07-02 11:54:17,907 [main] INFO  CommandLineBagDriver : Returning 2
2015-07-02 11:54:17,927 [main] INFO  CommandLineBagDriver : Operation completed.
2015-07-02 11:54:17,927 [main] INFO  CommandLineBagDriver : Returning 0
